<?xml version="1.0" encoding="UTF-8"?>
<!-- Generated by org.testng.reporters.JUnitReportReporter -->
<testsuite skipped="0" hostname="LAPTOP-OC938CIP" name="PDFDemo" tests="2" failures="0" timestamp="24 Oct 2017 18:51:01 GMT" time="33.343" errors="0">
  <testcase name="testVerifyPDFInURL" time="31.615" classname="PDFDemo"/>
  <testcase name="testVerifyPDFTextInBrowser" time="1.728" classname="PDFDemo"/>
</testsuite> <!-- PDFDemo -->
