<?xml version="1.0" encoding="UTF-8"?>
<!-- Generated by org.testng.reporters.JUnitReportReporter -->
<testsuite skipped="0" hostname="LAPTOP-OC938CIP" name="SeleniumBasicTest" tests="1" failures="0" timestamp="07 Jan 2018 16:49:32 GMT" time="36.141" errors="0">
  <testcase name="main" time="36.141" classname="SeleniumBasicTest"/>
</testsuite> <!-- SeleniumBasicTest -->
